[debug] [2020-01-01T09:05:17.204Z] ----------------------------------------------------------------------
[debug] [2020-01-01T09:05:17.207Z] Command:       /usr/local/bin/node /users/Clement/.npm-global/bin/firebase deploy
[debug] [2020-01-01T09:05:17.207Z] CLI Version:   7.10.0
[debug] [2020-01-01T09:05:17.207Z] Platform:      darwin
[debug] [2020-01-01T09:05:17.207Z] Node Version:  v12.13.1
[debug] [2020-01-01T09:05:17.208Z] Time:          Wed Jan 01 2020 20:05:17 GMT+1100 (GMT+11:00)
[debug] [2020-01-01T09:05:17.208Z] ----------------------------------------------------------------------
[debug] [2020-01-01T09:05:17.208Z] 
[debug] [2020-01-01T09:05:17.215Z] > command requires scopes: ["email","openid","https://www.googleapis.com/auth/cloudplatformprojects.readonly","https://www.googleapis.com/auth/firebase","https://www.googleapis.com/auth/cloud-platform"]
[debug] [2020-01-01T09:05:17.216Z] > authorizing via signed-in user
[debug] [2020-01-01T09:05:17.216Z] [iam] checking project spotifapi for permissions ["firebase.projects.get","firebasehosting.sites.update"]
[debug] [2020-01-01T09:05:17.217Z] > refreshing access token with scopes: ["email","https://www.googleapis.com/auth/cloud-platform","https://www.googleapis.com/auth/cloudplatformprojects.readonly","https://www.googleapis.com/auth/firebase","openid"]
[debug] [2020-01-01T09:05:17.218Z] >>> HTTP REQUEST POST https://www.googleapis.com/oauth2/v3/token  
 <request body omitted>
[debug] [2020-01-01T09:05:17.551Z] <<< HTTP RESPONSE 200
[debug] [2020-01-01T09:05:17.558Z] >>> HTTP REQUEST POST https://cloudresourcemanager.googleapis.com/v1/projects/spotifapi:testIamPermissions  

[debug] [2020-01-01T09:05:18.004Z] <<< HTTP RESPONSE 200
[debug] [2020-01-01T09:05:18.006Z] >>> HTTP REQUEST GET https://firebase.googleapis.com/v1beta1/projects/spotifapi  
 
[debug] [2020-01-01T09:05:18.514Z] <<< HTTP RESPONSE 200
[info] 
[info] === Deploying to 'spotifapi'...
[info] 
[info] i  deploying hosting
[debug] [2020-01-01T09:05:18.517Z] >>> HTTP REQUEST POST https://firebasehosting.googleapis.com/v1beta1/sites/spotifapi/versions  

[debug] [2020-01-01T09:05:20.628Z] <<< HTTP RESPONSE 200
[info] i  hosting[spotifapi]: beginning deploy...
[info] i  hosting[spotifapi]: found 17 files in build
[debug] [2020-01-01T09:05:20.962Z] [hosting] hash cache [YnVpbGQ] stored for 17 files
[debug] [2020-01-01T09:05:20.963Z] [hosting][hash queue][FINAL]
[debug] [2020-01-01T09:05:20.963Z] >>> HTTP REQUEST POST https://firebasehosting.googleapis.com/v1beta1/sites/spotifapi/versions/d4dc1cd70b4f7ac6:populateFiles  
 <request body omitted>
[debug] [2020-01-01T09:05:22.955Z] <<< HTTP RESPONSE 200
[debug] [2020-01-01T09:05:22.958Z] [hosting][populate queue][FINAL]
[debug] [2020-01-01T09:05:22.959Z] [hosting] uploads queued: 6
